[debug] [2026-01-12T04:15:25.780Z] ----------------------------------------------------------------------
[debug] [2026-01-12T04:15:25.815Z] Command:       C:\nvm4w\nodejs\node.exe C:\nvm4w\nodejs\node_modules\firebase-tools\lib\bin\firebase.js deploy --only hosting
[debug] [2026-01-12T04:15:25.817Z] CLI Version:   15.1.0
[debug] [2026-01-12T04:15:25.818Z] Platform:      win32
[debug] [2026-01-12T04:15:25.818Z] Node Version:  v20.14.0
[debug] [2026-01-12T04:15:25.820Z] Time:          Mon Jan 12 2026 11:15:25 GMT+0700 (Western Indonesia Time)
[debug] [2026-01-12T04:15:25.821Z] ----------------------------------------------------------------------
[debug] 
[debug] [2026-01-12T04:15:39.544Z] > command requires scopes: ["email","openid","https://www.googleapis.com/auth/cloudplatformprojects.readonly","https://www.googleapis.com/auth/firebase","https://www.googleapis.com/auth/cloud-platform"]
[debug] [2026-01-12T04:15:40.455Z] Running auto auth
[debug] [2026-01-12T04:15:40.457Z] [iam] checking project oceanpearl-ops for permissions ["firebase.projects.get","firebasehosting.sites.update"]
[debug] [2026-01-12T04:15:40.461Z] No OAuth tokens found
[debug] [2026-01-12T04:15:40.475Z] >>> [apiv2][query] POST https://cloudresourcemanager.googleapis.com/v1/projects/oceanpearl-ops:testIamPermissions [none]
[debug] [2026-01-12T04:15:40.475Z] >>> [apiv2][(partial)header] POST https://cloudresourcemanager.googleapis.com/v1/projects/oceanpearl-ops:testIamPermissions x-goog-quota-user=projects/oceanpearl-ops
[debug] [2026-01-12T04:15:40.476Z] >>> [apiv2][body] POST https://cloudresourcemanager.googleapis.com/v1/projects/oceanpearl-ops:testIamPermissions {"permissions":["firebase.projects.get","firebasehosting.sites.update"]}
[debug] [2026-01-12T04:15:41.008Z] <<< [apiv2][status] POST https://cloudresourcemanager.googleapis.com/v1/projects/oceanpearl-ops:testIamPermissions 200
[debug] [2026-01-12T04:15:41.009Z] <<< [apiv2][body] POST https://cloudresourcemanager.googleapis.com/v1/projects/oceanpearl-ops:testIamPermissions {"permissions":["firebase.projects.get","firebasehosting.sites.update"]}
[debug] [2026-01-12T04:15:41.013Z] No OAuth tokens found
[debug] [2026-01-12T04:15:41.016Z] >>> [apiv2][query] GET https://firebase.googleapis.com/v1beta1/projects/oceanpearl-ops [none]
[debug] [2026-01-12T04:15:41.675Z] <<< [apiv2][status] GET https://firebase.googleapis.com/v1beta1/projects/oceanpearl-ops 403
[debug] [2026-01-12T04:15:41.679Z] <<< [apiv2][body] GET https://firebase.googleapis.com/v1beta1/projects/oceanpearl-ops {"error":{"code":403,"message":"Your application is authenticating by using local Application Default Credentials. The firebase.googleapis.com API requires a quota project, which is not set by default. To learn how to set your quota project, see https://cloud.google.com/docs/authentication/adc-troubleshooting/user-creds .","status":"PERMISSION_DENIED","details":[{"@type":"type.googleapis.com/google.rpc.ErrorInfo","reason":"SERVICE_DISABLED","domain":"googleapis.com","metadata":{"service":"firebase.googleapis.com","consumer":"projects/32555940559"}},{"@type":"type.googleapis.com/google.rpc.LocalizedMessage","locale":"en-US","message":"Your application is authenticating by using local Application Default Credentials. The firebase.googleapis.com API requires a quota project, which is not set by default. To learn how to set your quota project, see https://cloud.google.com/docs/authentication/adc-troubleshooting/user-creds ."}]}}
[debug] [2026-01-12T04:15:41.693Z] Request to https://firebase.googleapis.com/v1beta1/projects/oceanpearl-ops had HTTP Error: 403, Your application is authenticating by using local Application Default Credentials. The firebase.googleapis.com API requires a quota project, which is not set by default. To learn how to set your quota project, see https://cloud.google.com/docs/authentication/adc-troubleshooting/user-creds .
[debug] [2026-01-12T04:15:41.707Z] FirebaseError: Request to https://firebase.googleapis.com/v1beta1/projects/oceanpearl-ops had HTTP Error: 403, Your application is authenticating by using local Application Default Credentials. The firebase.googleapis.com API requires a quota project, which is not set by default. To learn how to set your quota project, see https://cloud.google.com/docs/authentication/adc-troubleshooting/user-creds .
    at responseToError (C:\Users\eg_di\AppData\Local\nvm\v20.14.0\node_modules\firebase-tools\lib\responseToError.js:53:12)
    at RetryOperation._fn (C:\Users\eg_di\AppData\Local\nvm\v20.14.0\node_modules\firebase-tools\lib\apiv2.js:322:77)
    at process.processTicksAndRejections (node:internal/process/task_queues:95:5)
[error] 
[error] Error: Failed to get Firebase project oceanpearl-ops. Please make sure the project exists and your account has permission to access it.
